Using pre-set license
Built from '2021.3/staging' branch; Version is '2021.3.9f1 (ad3870b89536) revision 11352176'; Using compiler version '192829333'; Build Type 'Release'
OS: 'Windows 10  (10.0.19043) 64bit Core' Language: 'fr' Physical Memory: 8106 MB
BatchMode: 1, IsHumanControllingUs: 0, StartBugReporterOnCrash: 0, Is64bit: 1, IsPro: 1

COMMAND LINE ARGUMENTS:
D:\Programmes (x86)\Unity Hub\2021.3.9f1\Editor\Unity.exe
-adb2
-batchMode
-noUpm
-name
AssetImportWorker0
-projectPath
D:/Document/Jeux/GeometricFall/GeometricFall
-logFile
Logs/AssetImportWorker0.log
-srvPort
54138
Successfully changed project path to: D:/Document/Jeux/GeometricFall/GeometricFall
D:/Document/Jeux/GeometricFall/GeometricFall
[UnityMemory] Configuration Parameters - Can be set up in boot.config
    "memorysetup-bucket-allocator-granularity=16"
    "memorysetup-bucket-allocator-bucket-count=8"
    "memorysetup-bucket-allocator-block-size=33554432"
    "memorysetup-bucket-allocator-block-count=8"
    "memorysetup-main-allocator-block-size=16777216"
    "memorysetup-thread-allocator-block-size=16777216"
    "memorysetup-gfx-main-allocator-block-size=16777216"
    "memorysetup-gfx-thread-allocator-block-size=16777216"
    "memorysetup-cache-allocator-block-size=4194304"
    "memorysetup-typetree-allocator-block-size=2097152"
    "memorysetup-profiler-bucket-allocator-granularity=16"
    "memorysetup-profiler-bucket-allocator-bucket-count=8"
    "memorysetup-profiler-bucket-allocator-block-size=33554432"
    "memorysetup-profiler-bucket-allocator-block-count=8"
    "memorysetup-profiler-allocator-block-size=16777216"
    "memorysetup-profiler-editor-allocator-block-size=1048576"
    "memorysetup-temp-allocator-size-main=16777216"
    "memorysetup-job-temp-allocator-block-size=2097152"
    "memorysetup-job-temp-allocator-block-size-background=1048576"
    "memorysetup-job-temp-allocator-reduction-small-platforms=262144"
    "memorysetup-temp-allocator-size-background-worker=32768"
    "memorysetup-temp-allocator-size-job-worker=262144"
    "memorysetup-temp-allocator-size-preload-manager=33554432"
    "memorysetup-temp-allocator-size-nav-mesh-worker=65536"
    "memorysetup-temp-allocator-size-audio-worker=65536"
    "memorysetup-temp-allocator-size-cloud-worker=32768"
    "memorysetup-temp-allocator-size-gi-baking-worker=262144"
    "memorysetup-temp-allocator-size-gfx=262144"
Refreshing native plugins compatible for Editor in 109.84 ms, found 4 plugins.
Preloading 0 native plugins for Editor in 0.00 ms.
Initialize engine version: 2021.3.9f1 (ad3870b89536)
[Subsystems] Discovering subsystems at path D:/Programmes (x86)/Unity Hub/2021.3.9f1/Editor/Data/Resources/UnitySubsystems
[Subsystems] Discovering subsystems at path D:/Document/Jeux/GeometricFall/GeometricFall/Assets
GfxDevice: creating device client; threaded=0; jobified=0
Direct3D:
    Version:  Direct3D 11.0 [level 11.1]
    Renderer: NVIDIA GeForce GTX 1650 (ID=0x1f82)
    Vendor:   NVIDIA
    VRAM:     3962 MB
    Driver:   31.0.15.1659
Initialize mono
Mono path[0] = 'D:/Programmes (x86)/Unity Hub/2021.3.9f1/Editor/Data/Managed'
Mono path[1] = 'D:/Programmes (x86)/Unity Hub/2021.3.9f1/Editor/Data/MonoBleedingEdge/lib/mono/unityjit-win32'
Mono config path = 'D:/Programmes (x86)/Unity Hub/2021.3.9f1/Editor/Data/MonoBleedingEdge/etc'
Using monoOptions --debugger-agent=transport=dt_socket,embedding=1,server=y,suspend=n,address=127.0.0.1:56236
Begin MonoManager ReloadAssembly
Registering precompiled unity dll's ...
Register platform support module: D:/Programmes (x86)/Unity Hub/2021.3.9f1/Editor/Data/PlaybackEngines/WebGLSupport/UnityEditor.WebGL.Extensions.dll
Register platform support module: D:/Programmes (x86)/Unity Hub/2021.3.9f1/Editor/Data/PlaybackEngines/AndroidPlayer/UnityEditor.Android.Extensions.dll
Register platform support module: D:/Programmes (x86)/Unity Hub/2021.3.9f1/Editor/Data/PlaybackEngines/WindowsStandaloneSupport/UnityEditor.WindowsStandalone.Extensions.dll
Registered in 0.005463 seconds.
Native extension for WindowsStandalone target not found
Native extension for Android target not found
Native extension for WebGL target not found
Refreshing native plugins compatible for Editor in 112.71 ms, found 4 plugins.
Preloading 0 native plugins for Editor in 0.00 ms.
Mono: successfully reloaded assembly
- Completed reload, in  0.729 seconds
Domain Reload Profiling:
	ReloadAssembly (730ms)
		BeginReloadAssembly (78ms)
			ExecutionOrderSort (0ms)
			DisableScriptedObjects (0ms)
			BackupInstance (0ms)
			ReleaseScriptingObjects (0ms)
			CreateAndSetChildDomain (1ms)
		EndReloadAssembly (540ms)
			LoadAssemblies (76ms)
			RebuildTransferFunctionScriptingTraits (0ms)
			SetupTypeCache (117ms)
			ReleaseScriptCaches (0ms)
			RebuildScriptCaches (30ms)
			SetupLoadedEditorAssemblies (340ms)
				LogAssemblyErrors (0ms)
				InitializePlatformSupportModulesInManaged (59ms)
				SetLoadedEditorAssemblies (0ms)
				RefreshPlugins (113ms)
				BeforeProcessingInitializeOnLoad (1ms)
				ProcessInitializeOnLoadAttributes (114ms)
				ProcessInitializeOnLoadMethodAttributes (53ms)
				AfterProcessingInitializeOnLoad (0ms)
				EditorAssembliesLoaded (0ms)
			ExecutionOrderSort2 (0ms)
			AwakeInstancesAfterBackupRestoration (0ms)
Platform modules already initialized, skipping
Registering precompiled user dll's ...
Registered in 0.007475 seconds.
Begin MonoManager ReloadAssembly
Symbol file LoadedFromMemory doesn't match image D:\Document\Jeux\GeometricFall\GeometricFall\Library\PackageCache\com.unity.visualscripting@1.7.8\Editor\VisualScripting.Core\Dependencies\YamlDotNet\Unity.VisualScripting.YamlDotNet.dll
Symbol file LoadedFromMemory doesn't match image D:\Document\Jeux\GeometricFall\GeometricFall\Library\PackageCache\com.unity.visualscripting@1.7.8\Editor\VisualScripting.Core\Dependencies\DotNetZip\Unity.VisualScripting.IonicZip.dll
Native extension for WindowsStandalone target not found
Native extension for Android target not found
Native extension for WebGL target not found
Refreshing native plugins compatible for Editor in 104.56 ms, found 4 plugins.
Preloading 0 native plugins for Editor in 0.00 ms.
Mono: successfully reloaded assembly
- Completed reload, in  1.415 seconds
Domain Reload Profiling:
	ReloadAssembly (1416ms)
		BeginReloadAssembly (231ms)
			ExecutionOrderSort (0ms)
			DisableScriptedObjects (6ms)
			BackupInstance (0ms)
			ReleaseScriptingObjects (0ms)
			CreateAndSetChildDomain (122ms)
		EndReloadAssembly (1061ms)
			LoadAssemblies (106ms)
			RebuildTransferFunctionScriptingTraits (0ms)
			SetupTypeCache (283ms)
			ReleaseScriptCaches (1ms)
			RebuildScriptCaches (79ms)
			SetupLoadedEditorAssemblies (546ms)
				LogAssemblyErrors (0ms)
				InitializePlatformSupportModulesInManaged (16ms)
				SetLoadedEditorAssemblies (0ms)
				RefreshPlugins (105ms)
				BeforeProcessingInitializeOnLoad (106ms)
				ProcessInitializeOnLoadAttributes (265ms)
				ProcessInitializeOnLoadMethodAttributes (48ms)
				AfterProcessingInitializeOnLoad (6ms)
				EditorAssembliesLoaded (0ms)
			ExecutionOrderSort2 (0ms)
			AwakeInstancesAfterBackupRestoration (5ms)
Platform modules already initialized, skipping
========================================================================
Worker process is ready to serve import requests
Launched and connected shader compiler UnityShaderCompiler.exe after 0.05 seconds
Refreshing native plugins compatible for Editor in 1.40 ms, found 4 plugins.
Preloading 0 native plugins for Editor in 0.00 ms.
Unloading 4148 Unused Serialized files (Serialized files now loaded: 0)
Unloading 43 unused Assets / (198.6 KB). Loaded Objects now: 4605.
Memory consumption went from 156.2 MB to 156.0 MB.
Total: 3.482500 ms (FindLiveObjects: 0.346000 ms CreateObjectMapping: 0.229600 ms MarkObjects: 2.758600 ms  DeleteObjects: 0.147000 ms)

AssetImportParameters requested are different than current active one (requested -> active):
  custom:video-decoder-ogg-theora: a1e56fd34408186e4bbccfd4996cb3dc -> 
  custom:container-muxer-webm: aa71ff27fc2769a1b78a27578f13a17b -> 
  custom:container-demuxer-webm: 4f35f7cbe854078d1ac9338744f61a02 -> 
  custom:video-encoder-webm-vp8: eb34c28f22e8b96e1ab97ce403110664 -> 
  custom:audio-encoder-webm-vorbis: bf7c407c2cedff20999df2af8eb42d56 -> 
  custom:framework-win-MediaFoundation: 216162199b28c13a410421893ffa2e32 -> 
  custom:container-demuxer-ogg: 62fdf1f143b41e24485cea50d1cbac27 -> 
  custom:video-decoder-webm-vp8: 9c59270c3fd7afecdb556c50c9e8de78 -> 
  custom:audio-decoder-ogg-vorbis: bf7c407c2cedff20999df2af8eb42d56 -> 
========================================================================
Received Import Request.
  Time since last request: 627560.995187 seconds.
  path: Assets/Joystick Pack/Sprites/All Axis Backgrounds/AllAxis_Outline.png
  artifactKey: Guid(5b56d9fa0e8bd6e409ed188db38a692c) Importer(815301076,1909f56bfc062723c751e8b465ee728b)
Start importing Assets/Joystick Pack/Sprites/All Axis Backgrounds/AllAxis_Outline.png using Guid(5b56d9fa0e8bd6e409ed188db38a692c) Importer(815301076,1909f56bfc062723c751e8b465ee728b)  -> (artifact id: '3802662d1462a46843fe8a9d24b0bfcc') in 0.136027 seconds 
========================================================================
Received Import Request.
  Time since last request: 0.000027 seconds.
  path: Assets/Joystick Pack/Sprites/All Axis Backgrounds/AllAxis_Plain.png
  artifactKey: Guid(84487d73ca4b791498332d8f6858417f) Importer(815301076,1909f56bfc062723c751e8b465ee728b)
Start importing Assets/Joystick Pack/Sprites/All Axis Backgrounds/AllAxis_Plain.png using Guid(84487d73ca4b791498332d8f6858417f) Importer(815301076,1909f56bfc062723c751e8b465ee728b)  -> (artifact id: '3c6c2ece6153b0a1e4d26b6410cc8a60') in 0.022452 seconds 
========================================================================
Received Import Request.
  Time since last request: 0.000020 seconds.
  path: Assets/Joystick Pack/Sprites/All Axis Backgrounds/AllAxis_Plain_Arrows.png
  artifactKey: Guid(2a1f3cba20f3e11498474a705db12fde) Importer(815301076,1909f56bfc062723c751e8b465ee728b)
Start importing Assets/Joystick Pack/Sprites/All Axis Backgrounds/AllAxis_Plain_Arrows.png using Guid(2a1f3cba20f3e11498474a705db12fde) Importer(815301076,1909f56bfc062723c751e8b465ee728b)  -> (artifact id: '02c0b176b9172ad789f57df99783a219') in 0.022048 seconds 
========================================================================
Received Import Request.
  Time since last request: 0.000020 seconds.
  path: Assets/Joystick Pack/Sprites/All Axis Backgrounds/AllAxis_Ridged.png
  artifactKey: Guid(54628aafa20f64b40ae661038ee7abf0) Importer(815301076,1909f56bfc062723c751e8b465ee728b)
Start importing Assets/Joystick Pack/Sprites/All Axis Backgrounds/AllAxis_Ridged.png using Guid(54628aafa20f64b40ae661038ee7abf0) Importer(815301076,1909f56bfc062723c751e8b465ee728b)  -> (artifact id: '33af7d554f4a1c60438cbb38c151e10c') in 0.066192 seconds 
========================================================================
Received Import Request.
  Time since last request: 0.000025 seconds.
  path: Assets/Joystick Pack/Sprites/All Axis Backgrounds/AllAxis_Outline_Arrows.png
  artifactKey: Guid(48c0d4d6bebaa934384b07aa1e2f8184) Importer(815301076,1909f56bfc062723c751e8b465ee728b)
Start importing Assets/Joystick Pack/Sprites/All Axis Backgrounds/AllAxis_Outline_Arrows.png using Guid(48c0d4d6bebaa934384b07aa1e2f8184) Importer(815301076,1909f56bfc062723c751e8b465ee728b)  -> (artifact id: '4586a69d9dd4571f17a9a192a2a525b4') in 0.045588 seconds 
========================================================================
Received Import Request.
  Time since last request: 0.000023 seconds.
  path: Assets/Joystick Pack/Sprites/All Axis Backgrounds/AllAxis_Ridged_Arrows.png
  artifactKey: Guid(4cbc879550e5e374a925e2e0a84d6f3c) Importer(815301076,1909f56bfc062723c751e8b465ee728b)
Start importing Assets/Joystick Pack/Sprites/All Axis Backgrounds/AllAxis_Ridged_Arrows.png using Guid(4cbc879550e5e374a925e2e0a84d6f3c) Importer(815301076,1909f56bfc062723c751e8b465ee728b)  -> (artifact id: '6692c7f202c88d493462740f1019914b') in 0.063653 seconds 
========================================================================
Received Import Request.
  Time since last request: 830.313756 seconds.
  path: Assets/Image/shield.png
  artifactKey: Guid(b842e3676df61d84a95d89b324a7dd4f) Importer(815301076,1909f56bfc062723c751e8b465ee728b)
Start importing Assets/Image/shield.png using Guid(b842e3676df61d84a95d89b324a7dd4f) Importer(815301076,1909f56bfc062723c751e8b465ee728b)  -> (artifact id: 'df43ed1f8a1ea20b3efa2e5eb5e345ae') in 0.031825 seconds 
========================================================================
Received Import Request.
  Time since last request: 519.565090 seconds.
  path: Assets/Image/shield icone.png
  artifactKey: Guid(15b7b796bca691842bca2450bd6f2bcb) Importer(815301076,1909f56bfc062723c751e8b465ee728b)
Start importing Assets/Image/shield icone.png using Guid(15b7b796bca691842bca2450bd6f2bcb) Importer(815301076,1909f56bfc062723c751e8b465ee728b)  -> (artifact id: '57b2a7899cf953c7ecfcffa0092026ac') in 0.030509 seconds 
========================================================================
Received Import Request.
  Time since last request: 452.989076 seconds.
  path: Assets/Prefabs/Coins.prefab
  artifactKey: Guid(a37afb5faad6d4e418a2c88b5bf4265e) Importer(815301076,1909f56bfc062723c751e8b465ee728b)
Start importing Assets/Prefabs/Coins.prefab using Guid(a37afb5faad6d4e418a2c88b5bf4265e) Importer(815301076,1909f56bfc062723c751e8b465ee728b)  -> (artifact id: '20f4d78e78c60bb5650b1d7feb64ebbe') in 0.097039 seconds 
========================================================================
Received Import Request.
  Time since last request: 0.000066 seconds.
  path: Assets/Prefabs/DeathPlateform.prefab
  artifactKey: Guid(9341ec4cc6ed6f34eaef675c8ac1ef63) Importer(815301076,1909f56bfc062723c751e8b465ee728b)
Start importing Assets/Prefabs/DeathPlateform.prefab using Guid(9341ec4cc6ed6f34eaef675c8ac1ef63) Importer(815301076,1909f56bfc062723c751e8b465ee728b)  -> (artifact id: 'c753f3c19a4b628f713c82bf302142b6') in 0.111016 seconds 
========================================================================
Received Import Request.
  Time since last request: 0.000072 seconds.
  path: Assets/Prefabs/Plateform.prefab
  artifactKey: Guid(eb2243adf0a2401478da77e500dce0bf) Importer(815301076,1909f56bfc062723c751e8b465ee728b)
Start importing Assets/Prefabs/Plateform.prefab using Guid(eb2243adf0a2401478da77e500dce0bf) Importer(815301076,1909f56bfc062723c751e8b465ee728b)  -> (artifact id: '5c0610cfebb81a5f458816bf4382cf53') in 0.054210 seconds 
========================================================================
Received Import Request.
  Time since last request: 0.000109 seconds.
  path: Assets/Prefabs/PlateformWithCoins.prefab
  artifactKey: Guid(ec6776d3b05595744918fa74040534e8) Importer(815301076,1909f56bfc062723c751e8b465ee728b)
Start importing Assets/Prefabs/PlateformWithCoins.prefab using Guid(ec6776d3b05595744918fa74040534e8) Importer(815301076,1909f56bfc062723c751e8b465ee728b)  -> (artifact id: '17a02786566ecf8219956fd75f30875c') in 0.030924 seconds 
========================================================================
Received Import Request.
  Time since last request: 0.000027 seconds.
  path: Assets/Prefabs/Player.prefab
  artifactKey: Guid(dcf9b2cfad1744d4181e2aa7517e56ef) Importer(815301076,1909f56bfc062723c751e8b465ee728b)
Start importing Assets/Prefabs/Player.prefab using Guid(dcf9b2cfad1744d4181e2aa7517e56ef) Importer(815301076,1909f56bfc062723c751e8b465ee728b)  -> (artifact id: '6fe6529f16b11eb41ba6b0c991da5af9') in 0.183111 seconds 
========================================================================
Received Import Request.
  Time since last request: 0.000038 seconds.
  path: Assets/Prefabs/Ennemi.prefab
  artifactKey: Guid(9eaadea1b85e4eb41a6a81160e735c79) Importer(815301076,1909f56bfc062723c751e8b465ee728b)
Start importing Assets/Prefabs/Ennemi.prefab using Guid(9eaadea1b85e4eb41a6a81160e735c79) Importer(815301076,1909f56bfc062723c751e8b465ee728b)  -> (artifact id: '1b71e580bbaf36324b6571a276e2f00f') in 0.078377 seconds 
========================================================================
Received Import Request.
  Time since last request: 2.518688 seconds.
  path: Assets/Prefabs/Shield.prefab
  artifactKey: Guid(94dcbaa7eb9d34340887132165c29e02) Importer(815301076,1909f56bfc062723c751e8b465ee728b)
Start importing Assets/Prefabs/Shield.prefab using Guid(94dcbaa7eb9d34340887132165c29e02) Importer(815301076,1909f56bfc062723c751e8b465ee728b)  -> (artifact id: 'c14588f76a4da6f5927ba011f9562692') in 0.012482 seconds 
========================================================================
Received Import Request.
  Time since last request: 19.976020 seconds.
  path: Assets/Prefabs/Shield.prefab
  artifactKey: Guid(94dcbaa7eb9d34340887132165c29e02) Importer(815301076,1909f56bfc062723c751e8b465ee728b)
Start importing Assets/Prefabs/Shield.prefab using Guid(94dcbaa7eb9d34340887132165c29e02) Importer(815301076,1909f56bfc062723c751e8b465ee728b)  -> (artifact id: 'db40923f8d25442182f27d873573c868') in 0.018972 seconds 
========================================================================
Received Import Request.
  Time since last request: 4.618160 seconds.
  path: Assets/Prefabs/Shield.prefab
  artifactKey: Guid(94dcbaa7eb9d34340887132165c29e02) Importer(815301076,1909f56bfc062723c751e8b465ee728b)
Start importing Assets/Prefabs/Shield.prefab using Guid(94dcbaa7eb9d34340887132165c29e02) Importer(815301076,1909f56bfc062723c751e8b465ee728b)  -> (artifact id: '19f4fcfda143d17c73186efbe5a9b222') in 0.011704 seconds 
========================================================================
Received Import Request.
  Time since last request: 3.360524 seconds.
  path: Assets/Prefabs/Shield.prefab
  artifactKey: Guid(94dcbaa7eb9d34340887132165c29e02) Importer(815301076,1909f56bfc062723c751e8b465ee728b)
Start importing Assets/Prefabs/Shield.prefab using Guid(94dcbaa7eb9d34340887132165c29e02) Importer(815301076,1909f56bfc062723c751e8b465ee728b)  -> (artifact id: 'dca4c2204cc62b060a2228aa250d40ae') in 0.020299 seconds 
========================================================================
Received Import Request.
  Time since last request: 2.796915 seconds.
  path: Assets/Prefabs/Shield.prefab
  artifactKey: Guid(94dcbaa7eb9d34340887132165c29e02) Importer(815301076,1909f56bfc062723c751e8b465ee728b)
Start importing Assets/Prefabs/Shield.prefab using Guid(94dcbaa7eb9d34340887132165c29e02) Importer(815301076,1909f56bfc062723c751e8b465ee728b)  -> (artifact id: '23b354b4f7b3ac0278d677f09f035445') in 0.031623 seconds 
========================================================================
Received Import Request.
  Time since last request: 2.967940 seconds.
  path: Assets/Prefabs/Shield.prefab
  artifactKey: Guid(94dcbaa7eb9d34340887132165c29e02) Importer(815301076,1909f56bfc062723c751e8b465ee728b)
Start importing Assets/Prefabs/Shield.prefab using Guid(94dcbaa7eb9d34340887132165c29e02) Importer(815301076,1909f56bfc062723c751e8b465ee728b)  -> (artifact id: 'fcbfc8fb9990eb5d97538e4e7e449b3b') in 0.038368 seconds 
